
DEB [20180516-23:02:39.072] thr=1   paramiko.transport: starting thread (client mode): 0x75b694e0
DEB [20180516-23:02:39.072] thr=1   paramiko.transport: Local version/idstring: SSH-2.0-paramiko_2.4.1
DEB [20180516-23:02:39.086] thr=1   paramiko.transport: Remote version/idstring: SSH-2.0-OpenSSH_6.6.1
INF [20180516-23:02:39.086] thr=1   paramiko.transport: Connected (version 2.0, client OpenSSH_6.6.1)
DEB [20180516-23:02:39.089] thr=1   paramiko.transport: kex algos:['curve25519-sha256@libssh.org', 'ecdh-sha2-nistp256', 'ecdh-sha2-nistp384', 'ecdh-sha2-nistp521', 'diffie-hellman-group-exchange-sha256', 'diffie-hellman-group-exchange-sha1', 'diffie-hellman-group14-sha1', 'diffie-hellman-group1-sha1'] server key:['ssh-rsa', 'ecdsa-sha2-nistp256', 'ssh-ed25519'] client encrypt:['aes128-ctr', 'aes192-ctr', 'aes256-ctr', 'arcfour256', 'arcfour128', 'aes128-gcm@openssh.com', 'aes256-gcm@openssh.com', 'chacha20-poly1305@openssh.com', 'aes128-cbc', '3des-cbc', 'blowfish-cbc', 'cast128-cbc', 'aes192-cbc', 'aes256-cbc', 'arcfour', 'rijndael-cbc@lysator.liu.se'] server encrypt:['aes128-ctr', 'aes192-ctr', 'aes256-ctr', 'arcfour256', 'arcfour128', 'aes128-gcm@openssh.com', 'aes256-gcm@openssh.com', 'chacha20-poly1305@openssh.com', 'aes128-cbc', '3des-cbc', 'blowfish-cbc', 'cast128-cbc', 'aes192-cbc', 'aes256-cbc', 'arcfour', 'rijndael-cbc@lysator.liu.se'] client mac:['hmac-md5-etm@openssh.com', 'hmac-sha1-etm@openssh.com', 'umac-64-etm@openssh.com', 'umac-128-etm@openssh.com', 'hmac-sha2-256-etm@openssh.com', 'hmac-sha2-512-etm@openssh.com', 'hmac-ripemd160-etm@openssh.com', 'hmac-sha1-96-etm@openssh.com', 'hmac-md5-96-etm@openssh.com', 'hmac-md5', 'hmac-sha1', 'umac-64@openssh.com', 'umac-128@openssh.com', 'hmac-sha2-256', 'hmac-sha2-512', 'hmac-ripemd160', 'hmac-ripemd160@openssh.com', 'hmac-sha1-96', 'hmac-md5-96'] server mac:['hmac-md5-etm@openssh.com', 'hmac-sha1-etm@openssh.com', 'umac-64-etm@openssh.com', 'umac-128-etm@openssh.com', 'hmac-sha2-256-etm@openssh.com', 'hmac-sha2-512-etm@openssh.com', 'hmac-ripemd160-etm@openssh.com', 'hmac-sha1-96-etm@openssh.com', 'hmac-md5-96-etm@openssh.com', 'hmac-md5', 'hmac-sha1', 'umac-64@openssh.com', 'umac-128@openssh.com', 'hmac-sha2-256', 'hmac-sha2-512', 'hmac-ripemd160', 'hmac-ripemd160@openssh.com', 'hmac-sha1-96', 'hmac-md5-96'] client compress:['none', 'zlib@openssh.com'] server compress:['none', 'zlib@openssh.com'] client lang:[''] server lang:[''] kex follows?False
DEB [20180516-23:02:39.090] thr=1   paramiko.transport: Kex agreed: ecdh-sha2-nistp256
DEB [20180516-23:02:39.090] thr=1   paramiko.transport: HostKey agreed: ssh-ed25519
DEB [20180516-23:02:39.090] thr=1   paramiko.transport: Cipher agreed: aes128-ctr
DEB [20180516-23:02:39.090] thr=1   paramiko.transport: MAC agreed: hmac-sha2-256
DEB [20180516-23:02:39.090] thr=1   paramiko.transport: Compression agreed: none
DEB [20180516-23:02:39.093] thr=1   paramiko.transport: kex engine KexNistp256 specified hash_algo <built-in function openssl_sha256>
DEB [20180516-23:02:39.093] thr=1   paramiko.transport: Switch to new keys ...
DEB [20180516-23:02:39.094] thr=2   paramiko.transport: Adding ssh-ed25519 host key for 172.29.1.89: b'148fafb8b4336e9d1a4ab1b63e0c5c03'
DEB [20180516-23:02:39.097] thr=2   paramiko.transport: Trying discovered key b'322a92f1bb6ab5453cdd2bfadf92b289' in C:\Users\ÖÓÇíÂ×/.ssh/id_rsa
DEB [20180516-23:02:39.134] thr=1   paramiko.transport: userauth is OK
INF [20180516-23:02:39.150] thr=1   paramiko.transport: Authentication (publickey) successful!
DEB [20180516-23:02:39.151] thr=2   paramiko.transport: [chan 0] Max packet in: 32768 bytes
DEB [20180516-23:02:39.387] thr=1   paramiko.transport: [chan 0] Max packet out: 32768 bytes
DEB [20180516-23:02:39.387] thr=1   paramiko.transport: Secsh channel 0 opened.
DEB [20180516-23:02:39.406] thr=1   paramiko.transport: [chan 0] Sesch channel 0 request ok
INF [20180516-23:02:39.423] thr=2   paramiko.transport.sftp: [chan 0] Opened sftp connection (server version 3)
DEB [20180516-23:02:39.423] thr=2   paramiko.transport: [chan 1] Max packet in: 32768 bytes
DEB [20180516-23:02:39.425] thr=1   paramiko.transport: [chan 1] Max packet out: 32768 bytes
DEB [20180516-23:02:39.425] thr=1   paramiko.transport: Secsh channel 1 opened.
DEB [20180516-23:02:39.425] thr=2   paramiko.transport: [chan 2] Max packet in: 32768 bytes
DEB [20180516-23:02:39.426] thr=1   paramiko.transport: [chan 2] Max packet out: 32768 bytes
DEB [20180516-23:02:39.426] thr=1   paramiko.transport: Secsh channel 2 opened.
DEB [20180516-23:02:39.427] thr=1   paramiko.transport: [chan 2] Sesch channel 2 request ok
DEB [20180516-23:02:39.427] thr=1   paramiko.transport: EOF in transport thread
DEB [20180516-23:34:24.290] thr=1   paramiko.transport: starting thread (client mode): 0x67b084a8
DEB [20180516-23:34:24.290] thr=1   paramiko.transport: Local version/idstring: SSH-2.0-paramiko_2.4.1
DEB [20180516-23:34:24.304] thr=1   paramiko.transport: Remote version/idstring: SSH-2.0-OpenSSH_6.6.1
INF [20180516-23:34:24.304] thr=1   paramiko.transport: Connected (version 2.0, client OpenSSH_6.6.1)
DEB [20180516-23:34:24.308] thr=1   paramiko.transport: kex algos:['curve25519-sha256@libssh.org', 'ecdh-sha2-nistp256', 'ecdh-sha2-nistp384', 'ecdh-sha2-nistp521', 'diffie-hellman-group-exchange-sha256', 'diffie-hellman-group-exchange-sha1', 'diffie-hellman-group14-sha1', 'diffie-hellman-group1-sha1'] server key:['ssh-rsa', 'ecdsa-sha2-nistp256', 'ssh-ed25519'] client encrypt:['aes128-ctr', 'aes192-ctr', 'aes256-ctr', 'arcfour256', 'arcfour128', 'aes128-gcm@openssh.com', 'aes256-gcm@openssh.com', 'chacha20-poly1305@openssh.com', 'aes128-cbc', '3des-cbc', 'blowfish-cbc', 'cast128-cbc', 'aes192-cbc', 'aes256-cbc', 'arcfour', 'rijndael-cbc@lysator.liu.se'] server encrypt:['aes128-ctr', 'aes192-ctr', 'aes256-ctr', 'arcfour256', 'arcfour128', 'aes128-gcm@openssh.com', 'aes256-gcm@openssh.com', 'chacha20-poly1305@openssh.com', 'aes128-cbc', '3des-cbc', 'blowfish-cbc', 'cast128-cbc', 'aes192-cbc', 'aes256-cbc', 'arcfour', 'rijndael-cbc@lysator.liu.se'] client mac:['hmac-md5-etm@openssh.com', 'hmac-sha1-etm@openssh.com', 'umac-64-etm@openssh.com', 'umac-128-etm@openssh.com', 'hmac-sha2-256-etm@openssh.com', 'hmac-sha2-512-etm@openssh.com', 'hmac-ripemd160-etm@openssh.com', 'hmac-sha1-96-etm@openssh.com', 'hmac-md5-96-etm@openssh.com', 'hmac-md5', 'hmac-sha1', 'umac-64@openssh.com', 'umac-128@openssh.com', 'hmac-sha2-256', 'hmac-sha2-512', 'hmac-ripemd160', 'hmac-ripemd160@openssh.com', 'hmac-sha1-96', 'hmac-md5-96'] server mac:['hmac-md5-etm@openssh.com', 'hmac-sha1-etm@openssh.com', 'umac-64-etm@openssh.com', 'umac-128-etm@openssh.com', 'hmac-sha2-256-etm@openssh.com', 'hmac-sha2-512-etm@openssh.com', 'hmac-ripemd160-etm@openssh.com', 'hmac-sha1-96-etm@openssh.com', 'hmac-md5-96-etm@openssh.com', 'hmac-md5', 'hmac-sha1', 'umac-64@openssh.com', 'umac-128@openssh.com', 'hmac-sha2-256', 'hmac-sha2-512', 'hmac-ripemd160', 'hmac-ripemd160@openssh.com', 'hmac-sha1-96', 'hmac-md5-96'] client compress:['none', 'zlib@openssh.com'] server compress:['none', 'zlib@openssh.com'] client lang:[''] server lang:[''] kex follows?False
DEB [20180516-23:34:24.308] thr=1   paramiko.transport: Kex agreed: ecdh-sha2-nistp256
DEB [20180516-23:34:24.308] thr=1   paramiko.transport: HostKey agreed: ssh-ed25519
DEB [20180516-23:34:24.308] thr=1   paramiko.transport: Cipher agreed: aes128-ctr
DEB [20180516-23:34:24.309] thr=1   paramiko.transport: MAC agreed: hmac-sha2-256
DEB [20180516-23:34:24.309] thr=1   paramiko.transport: Compression agreed: none
DEB [20180516-23:34:24.360] thr=1   paramiko.transport: kex engine KexNistp256 specified hash_algo <built-in function openssl_sha256>
DEB [20180516-23:34:24.360] thr=1   paramiko.transport: Switch to new keys ...
DEB [20180516-23:34:24.360] thr=2   paramiko.transport: Rejecting ssh-ed25519 host key for 172.29.1.89: b'148fafb8b4336e9d1a4ab1b63e0c5c03'
DEB [20180516-23:34:24.378] thr=1   paramiko.transport: EOF in transport thread
DEB [20180516-23:40:28.327] thr=1   paramiko.transport: starting thread (client mode): 0xb7958518
DEB [20180516-23:40:28.327] thr=1   paramiko.transport: Local version/idstring: SSH-2.0-paramiko_2.4.1
DEB [20180516-23:40:28.337] thr=1   paramiko.transport: Remote version/idstring: SSH-2.0-OpenSSH_6.6.1
INF [20180516-23:40:28.337] thr=1   paramiko.transport: Connected (version 2.0, client OpenSSH_6.6.1)
DEB [20180516-23:40:28.340] thr=1   paramiko.transport: kex algos:['curve25519-sha256@libssh.org', 'ecdh-sha2-nistp256', 'ecdh-sha2-nistp384', 'ecdh-sha2-nistp521', 'diffie-hellman-group-exchange-sha256', 'diffie-hellman-group-exchange-sha1', 'diffie-hellman-group14-sha1', 'diffie-hellman-group1-sha1'] server key:['ssh-rsa', 'ecdsa-sha2-nistp256', 'ssh-ed25519'] client encrypt:['aes128-ctr', 'aes192-ctr', 'aes256-ctr', 'arcfour256', 'arcfour128', 'aes128-gcm@openssh.com', 'aes256-gcm@openssh.com', 'chacha20-poly1305@openssh.com', 'aes128-cbc', '3des-cbc', 'blowfish-cbc', 'cast128-cbc', 'aes192-cbc', 'aes256-cbc', 'arcfour', 'rijndael-cbc@lysator.liu.se'] server encrypt:['aes128-ctr', 'aes192-ctr', 'aes256-ctr', 'arcfour256', 'arcfour128', 'aes128-gcm@openssh.com', 'aes256-gcm@openssh.com', 'chacha20-poly1305@openssh.com', 'aes128-cbc', '3des-cbc', 'blowfish-cbc', 'cast128-cbc', 'aes192-cbc', 'aes256-cbc', 'arcfour', 'rijndael-cbc@lysator.liu.se'] client mac:['hmac-md5-etm@openssh.com', 'hmac-sha1-etm@openssh.com', 'umac-64-etm@openssh.com', 'umac-128-etm@openssh.com', 'hmac-sha2-256-etm@openssh.com', 'hmac-sha2-512-etm@openssh.com', 'hmac-ripemd160-etm@openssh.com', 'hmac-sha1-96-etm@openssh.com', 'hmac-md5-96-etm@openssh.com', 'hmac-md5', 'hmac-sha1', 'umac-64@openssh.com', 'umac-128@openssh.com', 'hmac-sha2-256', 'hmac-sha2-512', 'hmac-ripemd160', 'hmac-ripemd160@openssh.com', 'hmac-sha1-96', 'hmac-md5-96'] server mac:['hmac-md5-etm@openssh.com', 'hmac-sha1-etm@openssh.com', 'umac-64-etm@openssh.com', 'umac-128-etm@openssh.com', 'hmac-sha2-256-etm@openssh.com', 'hmac-sha2-512-etm@openssh.com', 'hmac-ripemd160-etm@openssh.com', 'hmac-sha1-96-etm@openssh.com', 'hmac-md5-96-etm@openssh.com', 'hmac-md5', 'hmac-sha1', 'umac-64@openssh.com', 'umac-128@openssh.com', 'hmac-sha2-256', 'hmac-sha2-512', 'hmac-ripemd160', 'hmac-ripemd160@openssh.com', 'hmac-sha1-96', 'hmac-md5-96'] client compress:['none', 'zlib@openssh.com'] server compress:['none', 'zlib@openssh.com'] client lang:[''] server lang:[''] kex follows?False
DEB [20180516-23:40:28.340] thr=1   paramiko.transport: Kex agreed: ecdh-sha2-nistp256
DEB [20180516-23:40:28.340] thr=1   paramiko.transport: HostKey agreed: ssh-rsa
DEB [20180516-23:40:28.340] thr=1   paramiko.transport: Cipher agreed: aes128-ctr
DEB [20180516-23:40:28.340] thr=1   paramiko.transport: MAC agreed: hmac-sha2-256
DEB [20180516-23:40:28.340] thr=1   paramiko.transport: Compression agreed: none
DEB [20180516-23:40:28.343] thr=1   paramiko.transport: kex engine KexNistp256 specified hash_algo <built-in function openssl_sha256>
DEB [20180516-23:40:28.343] thr=1   paramiko.transport: Switch to new keys ...
DEB [20180516-23:40:28.347] thr=2   paramiko.transport: Trying discovered key b'322a92f1bb6ab5453cdd2bfadf92b289' in C:\Users\ÖÓÇíÂ×/.ssh/id_rsa
DEB [20180516-23:40:28.383] thr=1   paramiko.transport: userauth is OK
INF [20180516-23:40:28.399] thr=1   paramiko.transport: Authentication (publickey) successful!
DEB [20180516-23:40:28.400] thr=2   paramiko.transport: [chan 0] Max packet in: 32768 bytes
DEB [20180516-23:40:28.620] thr=1   paramiko.transport: [chan 0] Max packet out: 32768 bytes
DEB [20180516-23:40:28.620] thr=1   paramiko.transport: Secsh channel 0 opened.
DEB [20180516-23:40:28.650] thr=1   paramiko.transport: [chan 0] Sesch channel 0 request ok
INF [20180516-23:40:28.671] thr=2   paramiko.transport.sftp: [chan 0] Opened sftp connection (server version 3)
DEB [20180516-23:40:28.672] thr=2   paramiko.transport: [chan 1] Max packet in: 32768 bytes
DEB [20180516-23:40:28.672] thr=1   paramiko.transport: [chan 1] Max packet out: 32768 bytes
DEB [20180516-23:40:28.672] thr=1   paramiko.transport: Secsh channel 1 opened.
DEB [20180516-23:40:28.673] thr=1   paramiko.transport: [chan 1] Sesch channel 1 request ok
DEB [20180516-23:40:28.688] thr=1   paramiko.transport: [chan 1] EOF received (1)
DEB [20180516-23:41:35.951] thr=1   paramiko.transport: starting thread (client mode): 0x181884a8
DEB [20180516-23:41:35.951] thr=1   paramiko.transport: Local version/idstring: SSH-2.0-paramiko_2.4.1
DEB [20180516-23:41:35.961] thr=1   paramiko.transport: Remote version/idstring: SSH-2.0-OpenSSH_6.6.1
INF [20180516-23:41:35.962] thr=1   paramiko.transport: Connected (version 2.0, client OpenSSH_6.6.1)
DEB [20180516-23:41:35.964] thr=1   paramiko.transport: kex algos:['curve25519-sha256@libssh.org', 'ecdh-sha2-nistp256', 'ecdh-sha2-nistp384', 'ecdh-sha2-nistp521', 'diffie-hellman-group-exchange-sha256', 'diffie-hellman-group-exchange-sha1', 'diffie-hellman-group14-sha1', 'diffie-hellman-group1-sha1'] server key:['ssh-rsa', 'ecdsa-sha2-nistp256', 'ssh-ed25519'] client encrypt:['aes128-ctr', 'aes192-ctr', 'aes256-ctr', 'arcfour256', 'arcfour128', 'aes128-gcm@openssh.com', 'aes256-gcm@openssh.com', 'chacha20-poly1305@openssh.com', 'aes128-cbc', '3des-cbc', 'blowfish-cbc', 'cast128-cbc', 'aes192-cbc', 'aes256-cbc', 'arcfour', 'rijndael-cbc@lysator.liu.se'] server encrypt:['aes128-ctr', 'aes192-ctr', 'aes256-ctr', 'arcfour256', 'arcfour128', 'aes128-gcm@openssh.com', 'aes256-gcm@openssh.com', 'chacha20-poly1305@openssh.com', 'aes128-cbc', '3des-cbc', 'blowfish-cbc', 'cast128-cbc', 'aes192-cbc', 'aes256-cbc', 'arcfour', 'rijndael-cbc@lysator.liu.se'] client mac:['hmac-md5-etm@openssh.com', 'hmac-sha1-etm@openssh.com', 'umac-64-etm@openssh.com', 'umac-128-etm@openssh.com', 'hmac-sha2-256-etm@openssh.com', 'hmac-sha2-512-etm@openssh.com', 'hmac-ripemd160-etm@openssh.com', 'hmac-sha1-96-etm@openssh.com', 'hmac-md5-96-etm@openssh.com', 'hmac-md5', 'hmac-sha1', 'umac-64@openssh.com', 'umac-128@openssh.com', 'hmac-sha2-256', 'hmac-sha2-512', 'hmac-ripemd160', 'hmac-ripemd160@openssh.com', 'hmac-sha1-96', 'hmac-md5-96'] server mac:['hmac-md5-etm@openssh.com', 'hmac-sha1-etm@openssh.com', 'umac-64-etm@openssh.com', 'umac-128-etm@openssh.com', 'hmac-sha2-256-etm@openssh.com', 'hmac-sha2-512-etm@openssh.com', 'hmac-ripemd160-etm@openssh.com', 'hmac-sha1-96-etm@openssh.com', 'hmac-md5-96-etm@openssh.com', 'hmac-md5', 'hmac-sha1', 'umac-64@openssh.com', 'umac-128@openssh.com', 'hmac-sha2-256', 'hmac-sha2-512', 'hmac-ripemd160', 'hmac-ripemd160@openssh.com', 'hmac-sha1-96', 'hmac-md5-96'] client compress:['none', 'zlib@openssh.com'] server compress:['none', 'zlib@openssh.com'] client lang:[''] server lang:[''] kex follows?False
DEB [20180516-23:41:35.965] thr=1   paramiko.transport: Kex agreed: ecdh-sha2-nistp256
DEB [20180516-23:41:35.965] thr=1   paramiko.transport: HostKey agreed: ssh-rsa
DEB [20180516-23:41:35.965] thr=1   paramiko.transport: Cipher agreed: aes128-ctr
DEB [20180516-23:41:35.965] thr=1   paramiko.transport: MAC agreed: hmac-sha2-256
DEB [20180516-23:41:35.965] thr=1   paramiko.transport: Compression agreed: none
DEB [20180516-23:41:35.967] thr=1   paramiko.transport: kex engine KexNistp256 specified hash_algo <built-in function openssl_sha256>
DEB [20180516-23:41:35.968] thr=1   paramiko.transport: Switch to new keys ...
DEB [20180516-23:41:35.972] thr=2   paramiko.transport: Trying discovered key b'322a92f1bb6ab5453cdd2bfadf92b289' in C:\Users\ÖÓÇíÂ×/.ssh/id_rsa
DEB [20180516-23:41:36.008] thr=1   paramiko.transport: userauth is OK
INF [20180516-23:41:36.023] thr=1   paramiko.transport: Authentication (publickey) successful!
DEB [20180516-23:41:36.024] thr=2   paramiko.transport: [chan 0] Max packet in: 32768 bytes
DEB [20180516-23:41:36.236] thr=1   paramiko.transport: [chan 0] Max packet out: 32768 bytes
DEB [20180516-23:41:36.236] thr=1   paramiko.transport: Secsh channel 0 opened.
DEB [20180516-23:41:36.251] thr=1   paramiko.transport: [chan 0] Sesch channel 0 request ok
INF [20180516-23:41:36.274] thr=2   paramiko.transport.sftp: [chan 0] Opened sftp connection (server version 3)
DEB [20180516-23:41:36.274] thr=2   paramiko.transport: [chan 1] Max packet in: 32768 bytes
DEB [20180516-23:41:36.274] thr=1   paramiko.transport: [chan 1] Max packet out: 32768 bytes
DEB [20180516-23:41:36.274] thr=1   paramiko.transport: Secsh channel 1 opened.
DEB [20180516-23:41:36.275] thr=1   paramiko.transport: [chan 1] Sesch channel 1 request ok
DEB [20180516-23:41:36.288] thr=1   paramiko.transport: [chan 1] EOF received (1)
DEB [20180516-23:42:46.805] thr=1   paramiko.transport: starting thread (client mode): 0x240194a8
DEB [20180516-23:42:46.806] thr=1   paramiko.transport: Local version/idstring: SSH-2.0-paramiko_2.4.1
DEB [20180516-23:42:46.815] thr=1   paramiko.transport: Remote version/idstring: SSH-2.0-OpenSSH_6.6.1
INF [20180516-23:42:46.815] thr=1   paramiko.transport: Connected (version 2.0, client OpenSSH_6.6.1)
DEB [20180516-23:42:46.819] thr=1   paramiko.transport: kex algos:['curve25519-sha256@libssh.org', 'ecdh-sha2-nistp256', 'ecdh-sha2-nistp384', 'ecdh-sha2-nistp521', 'diffie-hellman-group-exchange-sha256', 'diffie-hellman-group-exchange-sha1', 'diffie-hellman-group14-sha1', 'diffie-hellman-group1-sha1'] server key:['ssh-rsa', 'ecdsa-sha2-nistp256', 'ssh-ed25519'] client encrypt:['aes128-ctr', 'aes192-ctr', 'aes256-ctr', 'arcfour256', 'arcfour128', 'aes128-gcm@openssh.com', 'aes256-gcm@openssh.com', 'chacha20-poly1305@openssh.com', 'aes128-cbc', '3des-cbc', 'blowfish-cbc', 'cast128-cbc', 'aes192-cbc', 'aes256-cbc', 'arcfour', 'rijndael-cbc@lysator.liu.se'] server encrypt:['aes128-ctr', 'aes192-ctr', 'aes256-ctr', 'arcfour256', 'arcfour128', 'aes128-gcm@openssh.com', 'aes256-gcm@openssh.com', 'chacha20-poly1305@openssh.com', 'aes128-cbc', '3des-cbc', 'blowfish-cbc', 'cast128-cbc', 'aes192-cbc', 'aes256-cbc', 'arcfour', 'rijndael-cbc@lysator.liu.se'] client mac:['hmac-md5-etm@openssh.com', 'hmac-sha1-etm@openssh.com', 'umac-64-etm@openssh.com', 'umac-128-etm@openssh.com', 'hmac-sha2-256-etm@openssh.com', 'hmac-sha2-512-etm@openssh.com', 'hmac-ripemd160-etm@openssh.com', 'hmac-sha1-96-etm@openssh.com', 'hmac-md5-96-etm@openssh.com', 'hmac-md5', 'hmac-sha1', 'umac-64@openssh.com', 'umac-128@openssh.com', 'hmac-sha2-256', 'hmac-sha2-512', 'hmac-ripemd160', 'hmac-ripemd160@openssh.com', 'hmac-sha1-96', 'hmac-md5-96'] server mac:['hmac-md5-etm@openssh.com', 'hmac-sha1-etm@openssh.com', 'umac-64-etm@openssh.com', 'umac-128-etm@openssh.com', 'hmac-sha2-256-etm@openssh.com', 'hmac-sha2-512-etm@openssh.com', 'hmac-ripemd160-etm@openssh.com', 'hmac-sha1-96-etm@openssh.com', 'hmac-md5-96-etm@openssh.com', 'hmac-md5', 'hmac-sha1', 'umac-64@openssh.com', 'umac-128@openssh.com', 'hmac-sha2-256', 'hmac-sha2-512', 'hmac-ripemd160', 'hmac-ripemd160@openssh.com', 'hmac-sha1-96', 'hmac-md5-96'] client compress:['none', 'zlib@openssh.com'] server compress:['none', 'zlib@openssh.com'] client lang:[''] server lang:[''] kex follows?False
DEB [20180516-23:42:46.819] thr=1   paramiko.transport: Kex agreed: ecdh-sha2-nistp256
DEB [20180516-23:42:46.820] thr=1   paramiko.transport: HostKey agreed: ssh-rsa
DEB [20180516-23:42:46.820] thr=1   paramiko.transport: Cipher agreed: aes128-ctr
DEB [20180516-23:42:46.820] thr=1   paramiko.transport: MAC agreed: hmac-sha2-256
DEB [20180516-23:42:46.820] thr=1   paramiko.transport: Compression agreed: none
DEB [20180516-23:42:46.823] thr=1   paramiko.transport: kex engine KexNistp256 specified hash_algo <built-in function openssl_sha256>
DEB [20180516-23:42:46.823] thr=1   paramiko.transport: Switch to new keys ...
DEB [20180516-23:42:46.827] thr=2   paramiko.transport: Trying discovered key b'322a92f1bb6ab5453cdd2bfadf92b289' in C:\Users\ÖÓÇíÂ×/.ssh/id_rsa
DEB [20180516-23:42:46.863] thr=1   paramiko.transport: userauth is OK
INF [20180516-23:42:46.878] thr=1   paramiko.transport: Authentication (publickey) successful!
DEB [20180516-23:42:46.878] thr=2   paramiko.transport: [chan 0] Max packet in: 32768 bytes
DEB [20180516-23:42:47.091] thr=1   paramiko.transport: [chan 0] Max packet out: 32768 bytes
DEB [20180516-23:42:47.091] thr=1   paramiko.transport: Secsh channel 0 opened.
DEB [20180516-23:42:47.106] thr=1   paramiko.transport: [chan 0] Sesch channel 0 request ok
INF [20180516-23:42:47.124] thr=2   paramiko.transport.sftp: [chan 0] Opened sftp connection (server version 3)
DEB [20180516-23:42:47.125] thr=2   paramiko.transport: [chan 1] Max packet in: 32768 bytes
DEB [20180516-23:42:47.125] thr=1   paramiko.transport: [chan 1] Max packet out: 32768 bytes
DEB [20180516-23:42:47.125] thr=1   paramiko.transport: Secsh channel 1 opened.
DEB [20180516-23:42:47.126] thr=1   paramiko.transport: [chan 1] Sesch channel 1 request ok
DEB [20180516-23:42:47.139] thr=1   paramiko.transport: [chan 1] EOF received (1)
DEB [20180516-23:42:58.919] thr=1   paramiko.transport: starting thread (client mode): 0xcd5494a8
DEB [20180516-23:42:58.920] thr=1   paramiko.transport: Local version/idstring: SSH-2.0-paramiko_2.4.1
DEB [20180516-23:42:58.930] thr=1   paramiko.transport: Remote version/idstring: SSH-2.0-OpenSSH_6.6.1
INF [20180516-23:42:58.930] thr=1   paramiko.transport: Connected (version 2.0, client OpenSSH_6.6.1)
DEB [20180516-23:42:58.934] thr=1   paramiko.transport: kex algos:['curve25519-sha256@libssh.org', 'ecdh-sha2-nistp256', 'ecdh-sha2-nistp384', 'ecdh-sha2-nistp521', 'diffie-hellman-group-exchange-sha256', 'diffie-hellman-group-exchange-sha1', 'diffie-hellman-group14-sha1', 'diffie-hellman-group1-sha1'] server key:['ssh-rsa', 'ecdsa-sha2-nistp256', 'ssh-ed25519'] client encrypt:['aes128-ctr', 'aes192-ctr', 'aes256-ctr', 'arcfour256', 'arcfour128', 'aes128-gcm@openssh.com', 'aes256-gcm@openssh.com', 'chacha20-poly1305@openssh.com', 'aes128-cbc', '3des-cbc', 'blowfish-cbc', 'cast128-cbc', 'aes192-cbc', 'aes256-cbc', 'arcfour', 'rijndael-cbc@lysator.liu.se'] server encrypt:['aes128-ctr', 'aes192-ctr', 'aes256-ctr', 'arcfour256', 'arcfour128', 'aes128-gcm@openssh.com', 'aes256-gcm@openssh.com', 'chacha20-poly1305@openssh.com', 'aes128-cbc', '3des-cbc', 'blowfish-cbc', 'cast128-cbc', 'aes192-cbc', 'aes256-cbc', 'arcfour', 'rijndael-cbc@lysator.liu.se'] client mac:['hmac-md5-etm@openssh.com', 'hmac-sha1-etm@openssh.com', 'umac-64-etm@openssh.com', 'umac-128-etm@openssh.com', 'hmac-sha2-256-etm@openssh.com', 'hmac-sha2-512-etm@openssh.com', 'hmac-ripemd160-etm@openssh.com', 'hmac-sha1-96-etm@openssh.com', 'hmac-md5-96-etm@openssh.com', 'hmac-md5', 'hmac-sha1', 'umac-64@openssh.com', 'umac-128@openssh.com', 'hmac-sha2-256', 'hmac-sha2-512', 'hmac-ripemd160', 'hmac-ripemd160@openssh.com', 'hmac-sha1-96', 'hmac-md5-96'] server mac:['hmac-md5-etm@openssh.com', 'hmac-sha1-etm@openssh.com', 'umac-64-etm@openssh.com', 'umac-128-etm@openssh.com', 'hmac-sha2-256-etm@openssh.com', 'hmac-sha2-512-etm@openssh.com', 'hmac-ripemd160-etm@openssh.com', 'hmac-sha1-96-etm@openssh.com', 'hmac-md5-96-etm@openssh.com', 'hmac-md5', 'hmac-sha1', 'umac-64@openssh.com', 'umac-128@openssh.com', 'hmac-sha2-256', 'hmac-sha2-512', 'hmac-ripemd160', 'hmac-ripemd160@openssh.com', 'hmac-sha1-96', 'hmac-md5-96'] client compress:['none', 'zlib@openssh.com'] server compress:['none', 'zlib@openssh.com'] client lang:[''] server lang:[''] kex follows?False
DEB [20180516-23:42:58.934] thr=1   paramiko.transport: Kex agreed: ecdh-sha2-nistp256
DEB [20180516-23:42:58.934] thr=1   paramiko.transport: HostKey agreed: ssh-rsa
DEB [20180516-23:42:58.934] thr=1   paramiko.transport: Cipher agreed: aes128-ctr
DEB [20180516-23:42:58.934] thr=1   paramiko.transport: MAC agreed: hmac-sha2-256
DEB [20180516-23:42:58.934] thr=1   paramiko.transport: Compression agreed: none
DEB [20180516-23:42:58.937] thr=1   paramiko.transport: kex engine KexNistp256 specified hash_algo <built-in function openssl_sha256>
DEB [20180516-23:42:58.937] thr=1   paramiko.transport: Switch to new keys ...
DEB [20180516-23:42:58.941] thr=2   paramiko.transport: Trying discovered key b'322a92f1bb6ab5453cdd2bfadf92b289' in C:\Users\ÖÓÇíÂ×/.ssh/id_rsa
DEB [20180516-23:42:58.978] thr=1   paramiko.transport: userauth is OK
INF [20180516-23:42:58.995] thr=1   paramiko.transport: Authentication (publickey) successful!
DEB [20180516-23:42:58.995] thr=2   paramiko.transport: [chan 0] Max packet in: 32768 bytes
DEB [20180516-23:42:59.198] thr=1   paramiko.transport: [chan 0] Max packet out: 32768 bytes
DEB [20180516-23:42:59.198] thr=1   paramiko.transport: Secsh channel 0 opened.
DEB [20180516-23:42:59.216] thr=1   paramiko.transport: [chan 0] Sesch channel 0 request ok
INF [20180516-23:42:59.233] thr=2   paramiko.transport.sftp: [chan 0] Opened sftp connection (server version 3)
DEB [20180516-23:42:59.233] thr=2   paramiko.transport: [chan 1] Max packet in: 32768 bytes
DEB [20180516-23:42:59.234] thr=1   paramiko.transport: [chan 1] Max packet out: 32768 bytes
DEB [20180516-23:42:59.234] thr=1   paramiko.transport: Secsh channel 1 opened.
DEB [20180516-23:42:59.235] thr=1   paramiko.transport: [chan 1] Sesch channel 1 request ok
DEB [20180516-23:42:59.244] thr=1   paramiko.transport: [chan 1] EOF received (1)
DEB [20180516-23:42:59.244] thr=1   paramiko.transport: [chan 1] EOF sent (1)
DEB [20180516-23:42:59.245] thr=1   paramiko.transport: EOF in transport thread
DEB [20180516-23:43:42.470] thr=1   paramiko.transport: starting thread (client mode): 0xfa5d94a8
DEB [20180516-23:43:42.470] thr=1   paramiko.transport: Local version/idstring: SSH-2.0-paramiko_2.4.1
DEB [20180516-23:43:42.481] thr=1   paramiko.transport: Remote version/idstring: SSH-2.0-OpenSSH_6.6.1
INF [20180516-23:43:42.481] thr=1   paramiko.transport: Connected (version 2.0, client OpenSSH_6.6.1)
DEB [20180516-23:43:42.485] thr=1   paramiko.transport: kex algos:['curve25519-sha256@libssh.org', 'ecdh-sha2-nistp256', 'ecdh-sha2-nistp384', 'ecdh-sha2-nistp521', 'diffie-hellman-group-exchange-sha256', 'diffie-hellman-group-exchange-sha1', 'diffie-hellman-group14-sha1', 'diffie-hellman-group1-sha1'] server key:['ssh-rsa', 'ecdsa-sha2-nistp256', 'ssh-ed25519'] client encrypt:['aes128-ctr', 'aes192-ctr', 'aes256-ctr', 'arcfour256', 'arcfour128', 'aes128-gcm@openssh.com', 'aes256-gcm@openssh.com', 'chacha20-poly1305@openssh.com', 'aes128-cbc', '3des-cbc', 'blowfish-cbc', 'cast128-cbc', 'aes192-cbc', 'aes256-cbc', 'arcfour', 'rijndael-cbc@lysator.liu.se'] server encrypt:['aes128-ctr', 'aes192-ctr', 'aes256-ctr', 'arcfour256', 'arcfour128', 'aes128-gcm@openssh.com', 'aes256-gcm@openssh.com', 'chacha20-poly1305@openssh.com', 'aes128-cbc', '3des-cbc', 'blowfish-cbc', 'cast128-cbc', 'aes192-cbc', 'aes256-cbc', 'arcfour', 'rijndael-cbc@lysator.liu.se'] client mac:['hmac-md5-etm@openssh.com', 'hmac-sha1-etm@openssh.com', 'umac-64-etm@openssh.com', 'umac-128-etm@openssh.com', 'hmac-sha2-256-etm@openssh.com', 'hmac-sha2-512-etm@openssh.com', 'hmac-ripemd160-etm@openssh.com', 'hmac-sha1-96-etm@openssh.com', 'hmac-md5-96-etm@openssh.com', 'hmac-md5', 'hmac-sha1', 'umac-64@openssh.com', 'umac-128@openssh.com', 'hmac-sha2-256', 'hmac-sha2-512', 'hmac-ripemd160', 'hmac-ripemd160@openssh.com', 'hmac-sha1-96', 'hmac-md5-96'] server mac:['hmac-md5-etm@openssh.com', 'hmac-sha1-etm@openssh.com', 'umac-64-etm@openssh.com', 'umac-128-etm@openssh.com', 'hmac-sha2-256-etm@openssh.com', 'hmac-sha2-512-etm@openssh.com', 'hmac-ripemd160-etm@openssh.com', 'hmac-sha1-96-etm@openssh.com', 'hmac-md5-96-etm@openssh.com', 'hmac-md5', 'hmac-sha1', 'umac-64@openssh.com', 'umac-128@openssh.com', 'hmac-sha2-256', 'hmac-sha2-512', 'hmac-ripemd160', 'hmac-ripemd160@openssh.com', 'hmac-sha1-96', 'hmac-md5-96'] client compress:['none', 'zlib@openssh.com'] server compress:['none', 'zlib@openssh.com'] client lang:[''] server lang:[''] kex follows?False
DEB [20180516-23:43:42.485] thr=1   paramiko.transport: Kex agreed: ecdh-sha2-nistp256
DEB [20180516-23:43:42.485] thr=1   paramiko.transport: HostKey agreed: ssh-rsa
DEB [20180516-23:43:42.485] thr=1   paramiko.transport: Cipher agreed: aes128-ctr
DEB [20180516-23:43:42.485] thr=1   paramiko.transport: MAC agreed: hmac-sha2-256
DEB [20180516-23:43:42.485] thr=1   paramiko.transport: Compression agreed: none
DEB [20180516-23:43:42.489] thr=1   paramiko.transport: kex engine KexNistp256 specified hash_algo <built-in function openssl_sha256>
DEB [20180516-23:43:42.489] thr=1   paramiko.transport: Switch to new keys ...
DEB [20180516-23:43:42.493] thr=2   paramiko.transport: Trying discovered key b'322a92f1bb6ab5453cdd2bfadf92b289' in C:\Users\ÖÓÇíÂ×/.ssh/id_rsa
DEB [20180516-23:43:42.529] thr=1   paramiko.transport: userauth is OK
INF [20180516-23:43:42.545] thr=1   paramiko.transport: Authentication (publickey) successful!
DEB [20180516-23:43:42.545] thr=2   paramiko.transport: [chan 0] Max packet in: 32768 bytes
DEB [20180516-23:43:42.759] thr=1   paramiko.transport: [chan 0] Max packet out: 32768 bytes
DEB [20180516-23:43:42.759] thr=1   paramiko.transport: Secsh channel 0 opened.
DEB [20180516-23:43:42.780] thr=1   paramiko.transport: [chan 0] Sesch channel 0 request ok
INF [20180516-23:43:42.796] thr=2   paramiko.transport.sftp: [chan 0] Opened sftp connection (server version 3)
DEB [20180516-23:43:42.796] thr=2   paramiko.transport: [chan 1] Max packet in: 32768 bytes
DEB [20180516-23:43:42.797] thr=1   paramiko.transport: [chan 1] Max packet out: 32768 bytes
DEB [20180516-23:43:42.797] thr=1   paramiko.transport: Secsh channel 1 opened.
DEB [20180516-23:43:42.798] thr=1   paramiko.transport: [chan 1] Sesch channel 1 request ok
DEB [20180516-23:43:42.812] thr=1   paramiko.transport: [chan 1] EOF received (1)
DEB [20180516-23:44:10.535] thr=1   paramiko.transport: starting thread (client mode): 0x501e9438
DEB [20180516-23:44:10.536] thr=1   paramiko.transport: Local version/idstring: SSH-2.0-paramiko_2.4.1
DEB [20180516-23:44:10.545] thr=1   paramiko.transport: Remote version/idstring: SSH-2.0-OpenSSH_6.6.1
INF [20180516-23:44:10.545] thr=1   paramiko.transport: Connected (version 2.0, client OpenSSH_6.6.1)
DEB [20180516-23:44:10.548] thr=1   paramiko.transport: kex algos:['curve25519-sha256@libssh.org', 'ecdh-sha2-nistp256', 'ecdh-sha2-nistp384', 'ecdh-sha2-nistp521', 'diffie-hellman-group-exchange-sha256', 'diffie-hellman-group-exchange-sha1', 'diffie-hellman-group14-sha1', 'diffie-hellman-group1-sha1'] server key:['ssh-rsa', 'ecdsa-sha2-nistp256', 'ssh-ed25519'] client encrypt:['aes128-ctr', 'aes192-ctr', 'aes256-ctr', 'arcfour256', 'arcfour128', 'aes128-gcm@openssh.com', 'aes256-gcm@openssh.com', 'chacha20-poly1305@openssh.com', 'aes128-cbc', '3des-cbc', 'blowfish-cbc', 'cast128-cbc', 'aes192-cbc', 'aes256-cbc', 'arcfour', 'rijndael-cbc@lysator.liu.se'] server encrypt:['aes128-ctr', 'aes192-ctr', 'aes256-ctr', 'arcfour256', 'arcfour128', 'aes128-gcm@openssh.com', 'aes256-gcm@openssh.com', 'chacha20-poly1305@openssh.com', 'aes128-cbc', '3des-cbc', 'blowfish-cbc', 'cast128-cbc', 'aes192-cbc', 'aes256-cbc', 'arcfour', 'rijndael-cbc@lysator.liu.se'] client mac:['hmac-md5-etm@openssh.com', 'hmac-sha1-etm@openssh.com', 'umac-64-etm@openssh.com', 'umac-128-etm@openssh.com', 'hmac-sha2-256-etm@openssh.com', 'hmac-sha2-512-etm@openssh.com', 'hmac-ripemd160-etm@openssh.com', 'hmac-sha1-96-etm@openssh.com', 'hmac-md5-96-etm@openssh.com', 'hmac-md5', 'hmac-sha1', 'umac-64@openssh.com', 'umac-128@openssh.com', 'hmac-sha2-256', 'hmac-sha2-512', 'hmac-ripemd160', 'hmac-ripemd160@openssh.com', 'hmac-sha1-96', 'hmac-md5-96'] server mac:['hmac-md5-etm@openssh.com', 'hmac-sha1-etm@openssh.com', 'umac-64-etm@openssh.com', 'umac-128-etm@openssh.com', 'hmac-sha2-256-etm@openssh.com', 'hmac-sha2-512-etm@openssh.com', 'hmac-ripemd160-etm@openssh.com', 'hmac-sha1-96-etm@openssh.com', 'hmac-md5-96-etm@openssh.com', 'hmac-md5', 'hmac-sha1', 'umac-64@openssh.com', 'umac-128@openssh.com', 'hmac-sha2-256', 'hmac-sha2-512', 'hmac-ripemd160', 'hmac-ripemd160@openssh.com', 'hmac-sha1-96', 'hmac-md5-96'] client compress:['none', 'zlib@openssh.com'] server compress:['none', 'zlib@openssh.com'] client lang:[''] server lang:[''] kex follows?False
DEB [20180516-23:44:10.548] thr=1   paramiko.transport: Kex agreed: ecdh-sha2-nistp256
DEB [20180516-23:44:10.548] thr=1   paramiko.transport: HostKey agreed: ssh-rsa
DEB [20180516-23:44:10.548] thr=1   paramiko.transport: Cipher agreed: aes128-ctr
DEB [20180516-23:44:10.549] thr=1   paramiko.transport: MAC agreed: hmac-sha2-256
DEB [20180516-23:44:10.549] thr=1   paramiko.transport: Compression agreed: none
DEB [20180516-23:44:10.552] thr=1   paramiko.transport: kex engine KexNistp256 specified hash_algo <built-in function openssl_sha256>
DEB [20180516-23:44:10.552] thr=1   paramiko.transport: Switch to new keys ...
DEB [20180516-23:44:10.556] thr=2   paramiko.transport: Trying discovered key b'322a92f1bb6ab5453cdd2bfadf92b289' in C:\Users\ÖÓÇíÂ×/.ssh/id_rsa
DEB [20180516-23:44:10.593] thr=1   paramiko.transport: userauth is OK
INF [20180516-23:44:10.610] thr=1   paramiko.transport: Authentication (publickey) successful!
DEB [20180516-23:44:10.610] thr=2   paramiko.transport: [chan 0] Max packet in: 32768 bytes
DEB [20180516-23:44:10.818] thr=1   paramiko.transport: [chan 0] Max packet out: 32768 bytes
DEB [20180516-23:44:10.818] thr=1   paramiko.transport: Secsh channel 0 opened.
DEB [20180516-23:44:10.843] thr=1   paramiko.transport: [chan 0] Sesch channel 0 request ok
INF [20180516-23:44:10.860] thr=2   paramiko.transport.sftp: [chan 0] Opened sftp connection (server version 3)
DEB [20180516-23:44:10.860] thr=2   paramiko.transport: [chan 1] Max packet in: 32768 bytes
DEB [20180516-23:44:10.862] thr=1   paramiko.transport: [chan 1] Max packet out: 32768 bytes
DEB [20180516-23:44:10.862] thr=1   paramiko.transport: Secsh channel 1 opened.
DEB [20180516-23:44:10.865] thr=1   paramiko.transport: [chan 1] Sesch channel 1 request ok
DEB [20180516-23:44:10.874] thr=1   paramiko.transport: [chan 1] EOF received (1)
DEB [20180516-23:44:10.874] thr=1   paramiko.transport: [chan 1] EOF sent (1)
DEB [20180516-23:44:10.874] thr=1   paramiko.transport: Dropping user packet because connection is dead.
DEB [20180517-09:54:13.532] thr=1   paramiko.transport: starting thread (client mode): 0x86bc94a8
DEB [20180517-09:54:13.533] thr=1   paramiko.transport: Local version/idstring: SSH-2.0-paramiko_2.4.1
DEB [20180517-09:54:13.548] thr=1   paramiko.transport: Remote version/idstring: SSH-2.0-OpenSSH_7.4
INF [20180517-09:54:13.548] thr=1   paramiko.transport: Connected (version 2.0, client OpenSSH_7.4)
DEB [20180517-09:54:13.557] thr=1   paramiko.transport: kex algos:['curve25519-sha256', 'curve25519-sha256@libssh.org', 'ecdh-sha2-nistp256', 'ecdh-sha2-nistp384', 'ecdh-sha2-nistp521', 'diffie-hellman-group-exchange-sha256', 'diffie-hellman-group16-sha512', 'diffie-hellman-group18-sha512', 'diffie-hellman-group-exchange-sha1', 'diffie-hellman-group14-sha256', 'diffie-hellman-group14-sha1', 'diffie-hellman-group1-sha1'] server key:['ssh-rsa', 'rsa-sha2-512', 'rsa-sha2-256', 'ecdsa-sha2-nistp256', 'ssh-ed25519'] client encrypt:['chacha20-poly1305@openssh.com', 'aes128-ctr', 'aes192-ctr', 'aes256-ctr', 'aes128-gcm@openssh.com', 'aes256-gcm@openssh.com', 'aes128-cbc', 'aes192-cbc', 'aes256-cbc', 'blowfish-cbc', 'cast128-cbc', '3des-cbc'] server encrypt:['chacha20-poly1305@openssh.com', 'aes128-ctr', 'aes192-ctr', 'aes256-ctr', 'aes128-gcm@openssh.com', 'aes256-gcm@openssh.com', 'aes128-cbc', 'aes192-cbc', 'aes256-cbc', 'blowfish-cbc', 'cast128-cbc', '3des-cbc'] client mac:['umac-64-etm@openssh.com', 'umac-128-etm@openssh.com', 'hmac-sha2-256-etm@openssh.com', 'hmac-sha2-512-etm@openssh.com', 'hmac-sha1-etm@openssh.com', 'umac-64@openssh.com', 'umac-128@openssh.com', 'hmac-sha2-256', 'hmac-sha2-512', 'hmac-sha1'] server mac:['umac-64-etm@openssh.com', 'umac-128-etm@openssh.com', 'hmac-sha2-256-etm@openssh.com', 'hmac-sha2-512-etm@openssh.com', 'hmac-sha1-etm@openssh.com', 'umac-64@openssh.com', 'umac-128@openssh.com', 'hmac-sha2-256', 'hmac-sha2-512', 'hmac-sha1'] client compress:['none', 'zlib@openssh.com'] server compress:['none', 'zlib@openssh.com'] client lang:[''] server lang:[''] kex follows?False
DEB [20180517-09:54:13.557] thr=1   paramiko.transport: Kex agreed: ecdh-sha2-nistp256
DEB [20180517-09:54:13.557] thr=1   paramiko.transport: HostKey agreed: ssh-rsa
DEB [20180517-09:54:13.557] thr=1   paramiko.transport: Cipher agreed: aes128-ctr
DEB [20180517-09:54:13.557] thr=1   paramiko.transport: MAC agreed: hmac-sha2-256
DEB [20180517-09:54:13.557] thr=1   paramiko.transport: Compression agreed: none
DEB [20180517-09:54:13.561] thr=1   paramiko.transport: kex engine KexNistp256 specified hash_algo <built-in function openssl_sha256>
DEB [20180517-09:54:13.562] thr=1   paramiko.transport: Switch to new keys ...
DEB [20180517-09:54:13.567] thr=2   paramiko.transport: Trying discovered key b'322a92f1bb6ab5453cdd2bfadf92b289' in C:\Users\ÖÓÇíÂ×/.ssh/id_rsa
DEB [20180517-09:54:13.601] thr=1   paramiko.transport: userauth is OK
INF [20180517-09:54:13.626] thr=1   paramiko.transport: Authentication (publickey) successful!
DEB [20180517-09:54:13.626] thr=2   paramiko.transport: [chan 0] Max packet in: 32768 bytes
DEB [20180517-09:54:13.815] thr=1   paramiko.transport: Received global request "hostkeys-00@openssh.com"
DEB [20180517-09:54:13.815] thr=1   paramiko.transport: Rejecting "hostkeys-00@openssh.com" global request from server.
DEB [20180517-09:54:13.855] thr=1   paramiko.transport: [chan 0] Max packet out: 32768 bytes
DEB [20180517-09:54:13.855] thr=1   paramiko.transport: Secsh channel 0 opened.
DEB [20180517-09:54:13.867] thr=1   paramiko.transport: [chan 0] Sesch channel 0 request ok
INF [20180517-09:54:13.947] thr=2   paramiko.transport.sftp: [chan 0] Opened sftp connection (server version 3)
DEB [20180517-09:54:13.948] thr=2   paramiko.transport: [chan 1] Max packet in: 32768 bytes
DEB [20180517-09:54:13.948] thr=1   paramiko.transport: [chan 1] Max packet out: 32768 bytes
DEB [20180517-09:54:13.949] thr=1   paramiko.transport: Secsh channel 1 opened.
DEB [20180517-09:54:13.951] thr=1   paramiko.transport: [chan 1] Sesch channel 1 request ok
DEB [20180517-09:54:13.989] thr=1   paramiko.transport: [chan 1] EOF received (1)
DEB [20180517-09:54:13.990] thr=1   paramiko.transport: EOF in transport thread
DEB [20180517-09:56:41.034] thr=1   paramiko.transport: starting thread (client mode): 0x1d439438
DEB [20180517-09:56:41.034] thr=1   paramiko.transport: Local version/idstring: SSH-2.0-paramiko_2.4.1
DEB [20180517-09:56:41.045] thr=1   paramiko.transport: Remote version/idstring: SSH-2.0-OpenSSH_7.4
INF [20180517-09:56:41.045] thr=1   paramiko.transport: Connected (version 2.0, client OpenSSH_7.4)
DEB [20180517-09:56:41.050] thr=1   paramiko.transport: kex algos:['curve25519-sha256', 'curve25519-sha256@libssh.org', 'ecdh-sha2-nistp256', 'ecdh-sha2-nistp384', 'ecdh-sha2-nistp521', 'diffie-hellman-group-exchange-sha256', 'diffie-hellman-group16-sha512', 'diffie-hellman-group18-sha512', 'diffie-hellman-group-exchange-sha1', 'diffie-hellman-group14-sha256', 'diffie-hellman-group14-sha1', 'diffie-hellman-group1-sha1'] server key:['ssh-rsa', 'rsa-sha2-512', 'rsa-sha2-256', 'ecdsa-sha2-nistp256', 'ssh-ed25519'] client encrypt:['chacha20-poly1305@openssh.com', 'aes128-ctr', 'aes192-ctr', 'aes256-ctr', 'aes128-gcm@openssh.com', 'aes256-gcm@openssh.com', 'aes128-cbc', 'aes192-cbc', 'aes256-cbc', 'blowfish-cbc', 'cast128-cbc', '3des-cbc'] server encrypt:['chacha20-poly1305@openssh.com', 'aes128-ctr', 'aes192-ctr', 'aes256-ctr', 'aes128-gcm@openssh.com', 'aes256-gcm@openssh.com', 'aes128-cbc', 'aes192-cbc', 'aes256-cbc', 'blowfish-cbc', 'cast128-cbc', '3des-cbc'] client mac:['umac-64-etm@openssh.com', 'umac-128-etm@openssh.com', 'hmac-sha2-256-etm@openssh.com', 'hmac-sha2-512-etm@openssh.com', 'hmac-sha1-etm@openssh.com', 'umac-64@openssh.com', 'umac-128@openssh.com', 'hmac-sha2-256', 'hmac-sha2-512', 'hmac-sha1'] server mac:['umac-64-etm@openssh.com', 'umac-128-etm@openssh.com', 'hmac-sha2-256-etm@openssh.com', 'hmac-sha2-512-etm@openssh.com', 'hmac-sha1-etm@openssh.com', 'umac-64@openssh.com', 'umac-128@openssh.com', 'hmac-sha2-256', 'hmac-sha2-512', 'hmac-sha1'] client compress:['none', 'zlib@openssh.com'] server compress:['none', 'zlib@openssh.com'] client lang:[''] server lang:[''] kex follows?False
DEB [20180517-09:56:41.050] thr=1   paramiko.transport: Kex agreed: ecdh-sha2-nistp256
DEB [20180517-09:56:41.050] thr=1   paramiko.transport: HostKey agreed: ssh-rsa
DEB [20180517-09:56:41.050] thr=1   paramiko.transport: Cipher agreed: aes128-ctr
DEB [20180517-09:56:41.050] thr=1   paramiko.transport: MAC agreed: hmac-sha2-256
DEB [20180517-09:56:41.050] thr=1   paramiko.transport: Compression agreed: none
DEB [20180517-09:56:41.055] thr=1   paramiko.transport: kex engine KexNistp256 specified hash_algo <built-in function openssl_sha256>
DEB [20180517-09:56:41.055] thr=1   paramiko.transport: Switch to new keys ...
DEB [20180517-09:56:41.059] thr=2   paramiko.transport: Trying discovered key b'322a92f1bb6ab5453cdd2bfadf92b289' in C:\Users\ÖÓÇíÂ×/.ssh/id_rsa
DEB [20180517-09:56:41.095] thr=1   paramiko.transport: userauth is OK
INF [20180517-09:56:41.111] thr=1   paramiko.transport: Authentication (publickey) successful!
DEB [20180517-09:56:41.111] thr=2   paramiko.transport: [chan 0] Max packet in: 32768 bytes
DEB [20180517-09:56:41.298] thr=1   paramiko.transport: Received global request "hostkeys-00@openssh.com"
DEB [20180517-09:56:41.298] thr=1   paramiko.transport: Rejecting "hostkeys-00@openssh.com" global request from server.
DEB [20180517-09:56:41.338] thr=1   paramiko.transport: [chan 0] Max packet out: 32768 bytes
DEB [20180517-09:56:41.338] thr=1   paramiko.transport: Secsh channel 0 opened.
DEB [20180517-09:56:41.342] thr=1   paramiko.transport: [chan 0] Sesch channel 0 request ok
INF [20180517-09:56:41.358] thr=2   paramiko.transport.sftp: [chan 0] Opened sftp connection (server version 3)
DEB [20180517-09:56:41.358] thr=2   paramiko.transport: [chan 1] Max packet in: 32768 bytes
DEB [20180517-09:56:41.359] thr=1   paramiko.transport: [chan 1] Max packet out: 32768 bytes
DEB [20180517-09:56:41.359] thr=1   paramiko.transport: Secsh channel 1 opened.
DEB [20180517-09:56:41.360] thr=1   paramiko.transport: [chan 1] Sesch channel 1 request ok
DEB [20180517-09:56:41.373] thr=1   paramiko.transport: [chan 1] EOF received (1)
DEB [20180517-09:56:41.374] thr=1   paramiko.transport: [chan 1] EOF sent (1)
DEB [20180517-09:56:41.374] thr=1   paramiko.transport: Dropping user packet because connection is dead.
DEB [20180517-10:10:33.010] thr=1   paramiko.transport: starting thread (client mode): 0xa3b9438
DEB [20180517-10:10:33.011] thr=1   paramiko.transport: Local version/idstring: SSH-2.0-paramiko_2.4.1
DEB [20180517-10:10:33.028] thr=1   paramiko.transport: Remote version/idstring: SSH-2.0-OpenSSH_7.4
INF [20180517-10:10:33.028] thr=1   paramiko.transport: Connected (version 2.0, client OpenSSH_7.4)
DEB [20180517-10:10:33.032] thr=1   paramiko.transport: kex algos:['curve25519-sha256', 'curve25519-sha256@libssh.org', 'ecdh-sha2-nistp256', 'ecdh-sha2-nistp384', 'ecdh-sha2-nistp521', 'diffie-hellman-group-exchange-sha256', 'diffie-hellman-group16-sha512', 'diffie-hellman-group18-sha512', 'diffie-hellman-group-exchange-sha1', 'diffie-hellman-group14-sha256', 'diffie-hellman-group14-sha1', 'diffie-hellman-group1-sha1'] server key:['ssh-rsa', 'rsa-sha2-512', 'rsa-sha2-256', 'ecdsa-sha2-nistp256', 'ssh-ed25519'] client encrypt:['chacha20-poly1305@openssh.com', 'aes128-ctr', 'aes192-ctr', 'aes256-ctr', 'aes128-gcm@openssh.com', 'aes256-gcm@openssh.com', 'aes128-cbc', 'aes192-cbc', 'aes256-cbc', 'blowfish-cbc', 'cast128-cbc', '3des-cbc'] server encrypt:['chacha20-poly1305@openssh.com', 'aes128-ctr', 'aes192-ctr', 'aes256-ctr', 'aes128-gcm@openssh.com', 'aes256-gcm@openssh.com', 'aes128-cbc', 'aes192-cbc', 'aes256-cbc', 'blowfish-cbc', 'cast128-cbc', '3des-cbc'] client mac:['umac-64-etm@openssh.com', 'umac-128-etm@openssh.com', 'hmac-sha2-256-etm@openssh.com', 'hmac-sha2-512-etm@openssh.com', 'hmac-sha1-etm@openssh.com', 'umac-64@openssh.com', 'umac-128@openssh.com', 'hmac-sha2-256', 'hmac-sha2-512', 'hmac-sha1'] server mac:['umac-64-etm@openssh.com', 'umac-128-etm@openssh.com', 'hmac-sha2-256-etm@openssh.com', 'hmac-sha2-512-etm@openssh.com', 'hmac-sha1-etm@openssh.com', 'umac-64@openssh.com', 'umac-128@openssh.com', 'hmac-sha2-256', 'hmac-sha2-512', 'hmac-sha1'] client compress:['none', 'zlib@openssh.com'] server compress:['none', 'zlib@openssh.com'] client lang:[''] server lang:[''] kex follows?False
DEB [20180517-10:10:33.032] thr=1   paramiko.transport: Kex agreed: ecdh-sha2-nistp256
DEB [20180517-10:10:33.032] thr=1   paramiko.transport: HostKey agreed: ssh-rsa
DEB [20180517-10:10:33.032] thr=1   paramiko.transport: Cipher agreed: aes128-ctr
DEB [20180517-10:10:33.032] thr=1   paramiko.transport: MAC agreed: hmac-sha2-256
DEB [20180517-10:10:33.032] thr=1   paramiko.transport: Compression agreed: none
DEB [20180517-10:10:33.037] thr=1   paramiko.transport: kex engine KexNistp256 specified hash_algo <built-in function openssl_sha256>
DEB [20180517-10:10:33.037] thr=1   paramiko.transport: Switch to new keys ...
DEB [20180517-10:10:33.041] thr=2   paramiko.transport: Trying discovered key b'322a92f1bb6ab5453cdd2bfadf92b289' in C:\Users\ÖÓÇíÂ×/.ssh/id_rsa
DEB [20180517-10:10:33.077] thr=1   paramiko.transport: userauth is OK
INF [20180517-10:10:33.092] thr=1   paramiko.transport: Authentication (publickey) successful!
DEB [20180517-10:10:33.092] thr=2   paramiko.transport: [chan 0] Max packet in: 32768 bytes
DEB [20180517-10:10:33.280] thr=1   paramiko.transport: Received global request "hostkeys-00@openssh.com"
DEB [20180517-10:10:33.280] thr=1   paramiko.transport: Rejecting "hostkeys-00@openssh.com" global request from server.
DEB [20180517-10:10:33.320] thr=1   paramiko.transport: [chan 0] Max packet out: 32768 bytes
DEB [20180517-10:10:33.320] thr=1   paramiko.transport: Secsh channel 0 opened.
DEB [20180517-10:10:33.324] thr=1   paramiko.transport: [chan 0] Sesch channel 0 request ok
INF [20180517-10:10:33.342] thr=2   paramiko.transport.sftp: [chan 0] Opened sftp connection (server version 3)
DEB [20180517-10:10:33.342] thr=2   paramiko.transport: [chan 1] Max packet in: 32768 bytes
DEB [20180517-10:10:33.343] thr=1   paramiko.transport: [chan 1] Max packet out: 32768 bytes
DEB [20180517-10:10:33.343] thr=1   paramiko.transport: Secsh channel 1 opened.
DEB [20180517-10:10:33.344] thr=1   paramiko.transport: [chan 1] Sesch channel 1 request ok
DEB [20180517-10:11:03.361] thr=1   paramiko.transport: [chan 1] EOF received (1)
DEB [20180517-10:11:03.361] thr=1   paramiko.transport: EOF in transport thread
DEB [20180517-10:12:56.039] thr=1   paramiko.transport: starting thread (client mode): 0xe02194a8
DEB [20180517-10:12:56.040] thr=1   paramiko.transport: Local version/idstring: SSH-2.0-paramiko_2.4.1
DEB [20180517-10:12:56.055] thr=1   paramiko.transport: Remote version/idstring: SSH-2.0-OpenSSH_7.4
INF [20180517-10:12:56.055] thr=1   paramiko.transport: Connected (version 2.0, client OpenSSH_7.4)
DEB [20180517-10:12:56.059] thr=1   paramiko.transport: kex algos:['curve25519-sha256', 'curve25519-sha256@libssh.org', 'ecdh-sha2-nistp256', 'ecdh-sha2-nistp384', 'ecdh-sha2-nistp521', 'diffie-hellman-group-exchange-sha256', 'diffie-hellman-group16-sha512', 'diffie-hellman-group18-sha512', 'diffie-hellman-group-exchange-sha1', 'diffie-hellman-group14-sha256', 'diffie-hellman-group14-sha1', 'diffie-hellman-group1-sha1'] server key:['ssh-rsa', 'rsa-sha2-512', 'rsa-sha2-256', 'ecdsa-sha2-nistp256', 'ssh-ed25519'] client encrypt:['chacha20-poly1305@openssh.com', 'aes128-ctr', 'aes192-ctr', 'aes256-ctr', 'aes128-gcm@openssh.com', 'aes256-gcm@openssh.com', 'aes128-cbc', 'aes192-cbc', 'aes256-cbc', 'blowfish-cbc', 'cast128-cbc', '3des-cbc'] server encrypt:['chacha20-poly1305@openssh.com', 'aes128-ctr', 'aes192-ctr', 'aes256-ctr', 'aes128-gcm@openssh.com', 'aes256-gcm@openssh.com', 'aes128-cbc', 'aes192-cbc', 'aes256-cbc', 'blowfish-cbc', 'cast128-cbc', '3des-cbc'] client mac:['umac-64-etm@openssh.com', 'umac-128-etm@openssh.com', 'hmac-sha2-256-etm@openssh.com', 'hmac-sha2-512-etm@openssh.com', 'hmac-sha1-etm@openssh.com', 'umac-64@openssh.com', 'umac-128@openssh.com', 'hmac-sha2-256', 'hmac-sha2-512', 'hmac-sha1'] server mac:['umac-64-etm@openssh.com', 'umac-128-etm@openssh.com', 'hmac-sha2-256-etm@openssh.com', 'hmac-sha2-512-etm@openssh.com', 'hmac-sha1-etm@openssh.com', 'umac-64@openssh.com', 'umac-128@openssh.com', 'hmac-sha2-256', 'hmac-sha2-512', 'hmac-sha1'] client compress:['none', 'zlib@openssh.com'] server compress:['none', 'zlib@openssh.com'] client lang:[''] server lang:[''] kex follows?False
DEB [20180517-10:12:56.059] thr=1   paramiko.transport: Kex agreed: ecdh-sha2-nistp256
DEB [20180517-10:12:56.059] thr=1   paramiko.transport: HostKey agreed: ssh-rsa
DEB [20180517-10:12:56.060] thr=1   paramiko.transport: Cipher agreed: aes128-ctr
DEB [20180517-10:12:56.060] thr=1   paramiko.transport: MAC agreed: hmac-sha2-256
DEB [20180517-10:12:56.060] thr=1   paramiko.transport: Compression agreed: none
DEB [20180517-10:12:56.063] thr=1   paramiko.transport: kex engine KexNistp256 specified hash_algo <built-in function openssl_sha256>
DEB [20180517-10:12:56.063] thr=1   paramiko.transport: Switch to new keys ...
DEB [20180517-10:12:56.068] thr=2   paramiko.transport: Trying discovered key b'322a92f1bb6ab5453cdd2bfadf92b289' in C:\Users\ÖÓÇíÂ×/.ssh/id_rsa
DEB [20180517-10:12:56.103] thr=1   paramiko.transport: userauth is OK
INF [20180517-10:12:56.118] thr=1   paramiko.transport: Authentication (publickey) successful!
DEB [20180517-10:12:56.119] thr=2   paramiko.transport: [chan 0] Max packet in: 32768 bytes
DEB [20180517-10:12:56.308] thr=1   paramiko.transport: Received global request "hostkeys-00@openssh.com"
DEB [20180517-10:12:56.308] thr=1   paramiko.transport: Rejecting "hostkeys-00@openssh.com" global request from server.
DEB [20180517-10:12:56.348] thr=1   paramiko.transport: [chan 0] Max packet out: 32768 bytes
DEB [20180517-10:12:56.348] thr=1   paramiko.transport: Secsh channel 0 opened.
DEB [20180517-10:12:56.352] thr=1   paramiko.transport: [chan 0] Sesch channel 0 request ok
INF [20180517-10:12:56.370] thr=2   paramiko.transport.sftp: [chan 0] Opened sftp connection (server version 3)
DEB [20180517-10:12:56.370] thr=2   paramiko.transport: [chan 1] Max packet in: 32768 bytes
DEB [20180517-10:12:56.371] thr=1   paramiko.transport: [chan 1] Max packet out: 32768 bytes
DEB [20180517-10:12:56.371] thr=1   paramiko.transport: Secsh channel 1 opened.
DEB [20180517-10:12:56.372] thr=1   paramiko.transport: [chan 1] Sesch channel 1 request ok
DEB [20180517-10:13:26.389] thr=1   paramiko.transport: [chan 1] EOF received (1)
DEB [20180517-10:13:26.389] thr=1   paramiko.transport: [chan 1] EOF sent (1)
DEB [20180517-10:13:26.390] thr=1   paramiko.transport: EOF in transport thread
DEB [20180517-10:24:29.484] thr=1   paramiko.transport: starting thread (client mode): 0xd1b59438
DEB [20180517-10:24:29.484] thr=1   paramiko.transport: Local version/idstring: SSH-2.0-paramiko_2.4.1
DEB [20180517-10:24:29.502] thr=1   paramiko.transport: Remote version/idstring: SSH-2.0-OpenSSH_7.4
INF [20180517-10:24:29.502] thr=1   paramiko.transport: Connected (version 2.0, client OpenSSH_7.4)
DEB [20180517-10:24:29.507] thr=1   paramiko.transport: kex algos:['curve25519-sha256', 'curve25519-sha256@libssh.org', 'ecdh-sha2-nistp256', 'ecdh-sha2-nistp384', 'ecdh-sha2-nistp521', 'diffie-hellman-group-exchange-sha256', 'diffie-hellman-group16-sha512', 'diffie-hellman-group18-sha512', 'diffie-hellman-group-exchange-sha1', 'diffie-hellman-group14-sha256', 'diffie-hellman-group14-sha1', 'diffie-hellman-group1-sha1'] server key:['ssh-rsa', 'rsa-sha2-512', 'rsa-sha2-256', 'ecdsa-sha2-nistp256', 'ssh-ed25519'] client encrypt:['chacha20-poly1305@openssh.com', 'aes128-ctr', 'aes192-ctr', 'aes256-ctr', 'aes128-gcm@openssh.com', 'aes256-gcm@openssh.com', 'aes128-cbc', 'aes192-cbc', 'aes256-cbc', 'blowfish-cbc', 'cast128-cbc', '3des-cbc'] server encrypt:['chacha20-poly1305@openssh.com', 'aes128-ctr', 'aes192-ctr', 'aes256-ctr', 'aes128-gcm@openssh.com', 'aes256-gcm@openssh.com', 'aes128-cbc', 'aes192-cbc', 'aes256-cbc', 'blowfish-cbc', 'cast128-cbc', '3des-cbc'] client mac:['umac-64-etm@openssh.com', 'umac-128-etm@openssh.com', 'hmac-sha2-256-etm@openssh.com', 'hmac-sha2-512-etm@openssh.com', 'hmac-sha1-etm@openssh.com', 'umac-64@openssh.com', 'umac-128@openssh.com', 'hmac-sha2-256', 'hmac-sha2-512', 'hmac-sha1'] server mac:['umac-64-etm@openssh.com', 'umac-128-etm@openssh.com', 'hmac-sha2-256-etm@openssh.com', 'hmac-sha2-512-etm@openssh.com', 'hmac-sha1-etm@openssh.com', 'umac-64@openssh.com', 'umac-128@openssh.com', 'hmac-sha2-256', 'hmac-sha2-512', 'hmac-sha1'] client compress:['none', 'zlib@openssh.com'] server compress:['none', 'zlib@openssh.com'] client lang:[''] server lang:[''] kex follows?False
DEB [20180517-10:24:29.507] thr=1   paramiko.transport: Kex agreed: ecdh-sha2-nistp256
DEB [20180517-10:24:29.508] thr=1   paramiko.transport: HostKey agreed: ssh-rsa
DEB [20180517-10:24:29.508] thr=1   paramiko.transport: Cipher agreed: aes128-ctr
DEB [20180517-10:24:29.508] thr=1   paramiko.transport: MAC agreed: hmac-sha2-256
DEB [20180517-10:24:29.508] thr=1   paramiko.transport: Compression agreed: none
DEB [20180517-10:24:29.511] thr=1   paramiko.transport: kex engine KexNistp256 specified hash_algo <built-in function openssl_sha256>
DEB [20180517-10:24:29.511] thr=1   paramiko.transport: Switch to new keys ...
DEB [20180517-10:24:29.516] thr=2   paramiko.transport: Trying discovered key b'322a92f1bb6ab5453cdd2bfadf92b289' in C:\Users\ÖÓÇíÂ×/.ssh/id_rsa
DEB [20180517-10:24:29.552] thr=1   paramiko.transport: userauth is OK
INF [20180517-10:24:29.569] thr=1   paramiko.transport: Authentication (publickey) successful!
DEB [20180517-10:24:29.569] thr=2   paramiko.transport: [chan 0] Max packet in: 32768 bytes
DEB [20180517-10:24:29.767] thr=1   paramiko.transport: Received global request "hostkeys-00@openssh.com"
DEB [20180517-10:24:29.767] thr=1   paramiko.transport: Rejecting "hostkeys-00@openssh.com" global request from server.
DEB [20180517-10:24:29.807] thr=1   paramiko.transport: [chan 0] Max packet out: 32768 bytes
DEB [20180517-10:24:29.807] thr=1   paramiko.transport: Secsh channel 0 opened.
DEB [20180517-10:24:29.811] thr=1   paramiko.transport: [chan 0] Sesch channel 0 request ok
INF [20180517-10:24:29.830] thr=2   paramiko.transport.sftp: [chan 0] Opened sftp connection (server version 3)
DEB [20180517-10:24:29.830] thr=2   paramiko.transport: [chan 1] Max packet in: 32768 bytes
DEB [20180517-10:24:29.830] thr=1   paramiko.transport: [chan 1] Max packet out: 32768 bytes
DEB [20180517-10:24:29.830] thr=1   paramiko.transport: Secsh channel 1 opened.
DEB [20180517-10:24:29.832] thr=1   paramiko.transport: [chan 1] Sesch channel 1 request ok
DEB [20180517-10:25:18.889] thr=1   paramiko.transport: [chan 1] EOF received (1)
DEB [20180517-10:25:18.889] thr=1   paramiko.transport: [chan 1] EOF sent (1)
DEB [20180517-10:25:18.889] thr=1   paramiko.transport: Dropping user packet because connection is dead.
DEB [20180517-10:44:16.853] thr=1   paramiko.transport: starting thread (client mode): 0xd15b9438
DEB [20180517-10:44:16.853] thr=1   paramiko.transport: Local version/idstring: SSH-2.0-paramiko_2.4.1
DEB [20180517-10:44:16.870] thr=1   paramiko.transport: Remote version/idstring: SSH-2.0-OpenSSH_7.4
INF [20180517-10:44:16.871] thr=1   paramiko.transport: Connected (version 2.0, client OpenSSH_7.4)
DEB [20180517-10:44:16.875] thr=1   paramiko.transport: kex algos:['curve25519-sha256', 'curve25519-sha256@libssh.org', 'ecdh-sha2-nistp256', 'ecdh-sha2-nistp384', 'ecdh-sha2-nistp521', 'diffie-hellman-group-exchange-sha256', 'diffie-hellman-group16-sha512', 'diffie-hellman-group18-sha512', 'diffie-hellman-group-exchange-sha1', 'diffie-hellman-group14-sha256', 'diffie-hellman-group14-sha1', 'diffie-hellman-group1-sha1'] server key:['ssh-rsa', 'rsa-sha2-512', 'rsa-sha2-256', 'ecdsa-sha2-nistp256', 'ssh-ed25519'] client encrypt:['chacha20-poly1305@openssh.com', 'aes128-ctr', 'aes192-ctr', 'aes256-ctr', 'aes128-gcm@openssh.com', 'aes256-gcm@openssh.com', 'aes128-cbc', 'aes192-cbc', 'aes256-cbc', 'blowfish-cbc', 'cast128-cbc', '3des-cbc'] server encrypt:['chacha20-poly1305@openssh.com', 'aes128-ctr', 'aes192-ctr', 'aes256-ctr', 'aes128-gcm@openssh.com', 'aes256-gcm@openssh.com', 'aes128-cbc', 'aes192-cbc', 'aes256-cbc', 'blowfish-cbc', 'cast128-cbc', '3des-cbc'] client mac:['umac-64-etm@openssh.com', 'umac-128-etm@openssh.com', 'hmac-sha2-256-etm@openssh.com', 'hmac-sha2-512-etm@openssh.com', 'hmac-sha1-etm@openssh.com', 'umac-64@openssh.com', 'umac-128@openssh.com', 'hmac-sha2-256', 'hmac-sha2-512', 'hmac-sha1'] server mac:['umac-64-etm@openssh.com', 'umac-128-etm@openssh.com', 'hmac-sha2-256-etm@openssh.com', 'hmac-sha2-512-etm@openssh.com', 'hmac-sha1-etm@openssh.com', 'umac-64@openssh.com', 'umac-128@openssh.com', 'hmac-sha2-256', 'hmac-sha2-512', 'hmac-sha1'] client compress:['none', 'zlib@openssh.com'] server compress:['none', 'zlib@openssh.com'] client lang:[''] server lang:[''] kex follows?False
DEB [20180517-10:44:16.875] thr=1   paramiko.transport: Kex agreed: ecdh-sha2-nistp256
DEB [20180517-10:44:16.875] thr=1   paramiko.transport: HostKey agreed: ssh-rsa
DEB [20180517-10:44:16.875] thr=1   paramiko.transport: Cipher agreed: aes128-ctr
DEB [20180517-10:44:16.875] thr=1   paramiko.transport: MAC agreed: hmac-sha2-256
DEB [20180517-10:44:16.875] thr=1   paramiko.transport: Compression agreed: none
DEB [20180517-10:44:16.879] thr=1   paramiko.transport: kex engine KexNistp256 specified hash_algo <built-in function openssl_sha256>
DEB [20180517-10:44:16.880] thr=1   paramiko.transport: Switch to new keys ...
DEB [20180517-10:44:16.884] thr=2   paramiko.transport: Trying discovered key b'322a92f1bb6ab5453cdd2bfadf92b289' in C:\Users\ÖÓÇíÂ×/.ssh/id_rsa
DEB [20180517-10:44:16.920] thr=1   paramiko.transport: userauth is OK
INF [20180517-10:44:16.936] thr=1   paramiko.transport: Authentication (publickey) successful!
DEB [20180517-10:44:16.937] thr=2   paramiko.transport: [chan 0] Max packet in: 32768 bytes
DEB [20180517-10:44:17.144] thr=1   paramiko.transport: Received global request "hostkeys-00@openssh.com"
DEB [20180517-10:44:17.144] thr=1   paramiko.transport: Rejecting "hostkeys-00@openssh.com" global request from server.
DEB [20180517-10:44:17.184] thr=1   paramiko.transport: [chan 0] Max packet out: 32768 bytes
DEB [20180517-10:44:17.184] thr=1   paramiko.transport: Secsh channel 0 opened.
DEB [20180517-10:44:17.188] thr=1   paramiko.transport: [chan 0] Sesch channel 0 request ok
INF [20180517-10:44:17.205] thr=2   paramiko.transport.sftp: [chan 0] Opened sftp connection (server version 3)
DEB [20180517-10:44:17.206] thr=2   paramiko.transport: [chan 1] Max packet in: 32768 bytes
DEB [20180517-10:44:17.206] thr=1   paramiko.transport: [chan 1] Max packet out: 32768 bytes
DEB [20180517-10:44:17.207] thr=1   paramiko.transport: Secsh channel 1 opened.
DEB [20180517-10:44:17.209] thr=1   paramiko.transport: [chan 1] Sesch channel 1 request ok
DEB [20180517-10:44:17.225] thr=1   paramiko.transport: [chan 1] EOF received (1)
DEB [20180517-10:44:17.225] thr=1   paramiko.transport: [chan 1] EOF sent (1)
DEB [20180517-10:44:17.226] thr=1   paramiko.transport: Dropping user packet because connection is dead.
DEB [20180517-10:45:27.175] thr=1   paramiko.transport: starting thread (client mode): 0x9a2d94a8
DEB [20180517-10:45:27.175] thr=1   paramiko.transport: Local version/idstring: SSH-2.0-paramiko_2.4.1
DEB [20180517-10:45:27.190] thr=1   paramiko.transport: Remote version/idstring: SSH-2.0-OpenSSH_7.4
INF [20180517-10:45:27.190] thr=1   paramiko.transport: Connected (version 2.0, client OpenSSH_7.4)
DEB [20180517-10:45:27.198] thr=1   paramiko.transport: kex algos:['curve25519-sha256', 'curve25519-sha256@libssh.org', 'ecdh-sha2-nistp256', 'ecdh-sha2-nistp384', 'ecdh-sha2-nistp521', 'diffie-hellman-group-exchange-sha256', 'diffie-hellman-group16-sha512', 'diffie-hellman-group18-sha512', 'diffie-hellman-group-exchange-sha1', 'diffie-hellman-group14-sha256', 'diffie-hellman-group14-sha1', 'diffie-hellman-group1-sha1'] server key:['ssh-rsa', 'rsa-sha2-512', 'rsa-sha2-256', 'ecdsa-sha2-nistp256', 'ssh-ed25519'] client encrypt:['chacha20-poly1305@openssh.com', 'aes128-ctr', 'aes192-ctr', 'aes256-ctr', 'aes128-gcm@openssh.com', 'aes256-gcm@openssh.com', 'aes128-cbc', 'aes192-cbc', 'aes256-cbc', 'blowfish-cbc', 'cast128-cbc', '3des-cbc'] server encrypt:['chacha20-poly1305@openssh.com', 'aes128-ctr', 'aes192-ctr', 'aes256-ctr', 'aes128-gcm@openssh.com', 'aes256-gcm@openssh.com', 'aes128-cbc', 'aes192-cbc', 'aes256-cbc', 'blowfish-cbc', 'cast128-cbc', '3des-cbc'] client mac:['umac-64-etm@openssh.com', 'umac-128-etm@openssh.com', 'hmac-sha2-256-etm@openssh.com', 'hmac-sha2-512-etm@openssh.com', 'hmac-sha1-etm@openssh.com', 'umac-64@openssh.com', 'umac-128@openssh.com', 'hmac-sha2-256', 'hmac-sha2-512', 'hmac-sha1'] server mac:['umac-64-etm@openssh.com', 'umac-128-etm@openssh.com', 'hmac-sha2-256-etm@openssh.com', 'hmac-sha2-512-etm@openssh.com', 'hmac-sha1-etm@openssh.com', 'umac-64@openssh.com', 'umac-128@openssh.com', 'hmac-sha2-256', 'hmac-sha2-512', 'hmac-sha1'] client compress:['none', 'zlib@openssh.com'] server compress:['none', 'zlib@openssh.com'] client lang:[''] server lang:[''] kex follows?False
DEB [20180517-10:45:27.198] thr=1   paramiko.transport: Kex agreed: ecdh-sha2-nistp256
DEB [20180517-10:45:27.198] thr=1   paramiko.transport: HostKey agreed: ssh-rsa
DEB [20180517-10:45:27.198] thr=1   paramiko.transport: Cipher agreed: aes128-ctr
DEB [20180517-10:45:27.198] thr=1   paramiko.transport: MAC agreed: hmac-sha2-256
DEB [20180517-10:45:27.198] thr=1   paramiko.transport: Compression agreed: none
DEB [20180517-10:45:27.201] thr=1   paramiko.transport: kex engine KexNistp256 specified hash_algo <built-in function openssl_sha256>
DEB [20180517-10:45:27.201] thr=1   paramiko.transport: Switch to new keys ...
DEB [20180517-10:45:27.206] thr=2   paramiko.transport: Trying discovered key b'322a92f1bb6ab5453cdd2bfadf92b289' in C:\Users\ÖÓÇíÂ×/.ssh/id_rsa
DEB [20180517-10:45:27.241] thr=1   paramiko.transport: userauth is OK
INF [20180517-10:45:27.258] thr=1   paramiko.transport: Authentication (publickey) successful!
DEB [20180517-10:45:27.258] thr=2   paramiko.transport: [chan 0] Max packet in: 32768 bytes
DEB [20180517-10:45:27.449] thr=1   paramiko.transport: Received global request "hostkeys-00@openssh.com"
DEB [20180517-10:45:27.449] thr=1   paramiko.transport: Rejecting "hostkeys-00@openssh.com" global request from server.
DEB [20180517-10:45:27.489] thr=1   paramiko.transport: [chan 0] Max packet out: 32768 bytes
DEB [20180517-10:45:27.489] thr=1   paramiko.transport: Secsh channel 0 opened.
DEB [20180517-10:45:27.495] thr=1   paramiko.transport: [chan 0] Sesch channel 0 request ok
INF [20180517-10:45:27.513] thr=2   paramiko.transport.sftp: [chan 0] Opened sftp connection (server version 3)
DEB [20180517-10:45:27.513] thr=2   paramiko.transport: [chan 1] Max packet in: 32768 bytes
DEB [20180517-10:45:27.513] thr=1   paramiko.transport: [chan 1] Max packet out: 32768 bytes
DEB [20180517-10:45:27.513] thr=1   paramiko.transport: Secsh channel 1 opened.
DEB [20180517-10:45:27.514] thr=1   paramiko.transport: [chan 1] Sesch channel 1 request ok
DEB [20180517-10:45:27.530] thr=1   paramiko.transport: [chan 1] EOF received (1)
DEB [20180517-10:45:27.530] thr=1   paramiko.transport: EOF in transport thread
DEB [20180517-10:45:49.580] thr=1   paramiko.transport: starting thread (client mode): 0xd77d94a8
DEB [20180517-10:45:49.581] thr=1   paramiko.transport: Local version/idstring: SSH-2.0-paramiko_2.4.1
DEB [20180517-10:45:49.592] thr=1   paramiko.transport: Remote version/idstring: SSH-2.0-OpenSSH_7.4
INF [20180517-10:45:49.592] thr=1   paramiko.transport: Connected (version 2.0, client OpenSSH_7.4)
DEB [20180517-10:45:49.597] thr=1   paramiko.transport: kex algos:['curve25519-sha256', 'curve25519-sha256@libssh.org', 'ecdh-sha2-nistp256', 'ecdh-sha2-nistp384', 'ecdh-sha2-nistp521', 'diffie-hellman-group-exchange-sha256', 'diffie-hellman-group16-sha512', 'diffie-hellman-group18-sha512', 'diffie-hellman-group-exchange-sha1', 'diffie-hellman-group14-sha256', 'diffie-hellman-group14-sha1', 'diffie-hellman-group1-sha1'] server key:['ssh-rsa', 'rsa-sha2-512', 'rsa-sha2-256', 'ecdsa-sha2-nistp256', 'ssh-ed25519'] client encrypt:['chacha20-poly1305@openssh.com', 'aes128-ctr', 'aes192-ctr', 'aes256-ctr', 'aes128-gcm@openssh.com', 'aes256-gcm@openssh.com', 'aes128-cbc', 'aes192-cbc', 'aes256-cbc', 'blowfish-cbc', 'cast128-cbc', '3des-cbc'] server encrypt:['chacha20-poly1305@openssh.com', 'aes128-ctr', 'aes192-ctr', 'aes256-ctr', 'aes128-gcm@openssh.com', 'aes256-gcm@openssh.com', 'aes128-cbc', 'aes192-cbc', 'aes256-cbc', 'blowfish-cbc', 'cast128-cbc', '3des-cbc'] client mac:['umac-64-etm@openssh.com', 'umac-128-etm@openssh.com', 'hmac-sha2-256-etm@openssh.com', 'hmac-sha2-512-etm@openssh.com', 'hmac-sha1-etm@openssh.com', 'umac-64@openssh.com', 'umac-128@openssh.com', 'hmac-sha2-256', 'hmac-sha2-512', 'hmac-sha1'] server mac:['umac-64-etm@openssh.com', 'umac-128-etm@openssh.com', 'hmac-sha2-256-etm@openssh.com', 'hmac-sha2-512-etm@openssh.com', 'hmac-sha1-etm@openssh.com', 'umac-64@openssh.com', 'umac-128@openssh.com', 'hmac-sha2-256', 'hmac-sha2-512', 'hmac-sha1'] client compress:['none', 'zlib@openssh.com'] server compress:['none', 'zlib@openssh.com'] client lang:[''] server lang:[''] kex follows?False
DEB [20180517-10:45:49.597] thr=1   paramiko.transport: Kex agreed: ecdh-sha2-nistp256
DEB [20180517-10:45:49.597] thr=1   paramiko.transport: HostKey agreed: ssh-rsa
DEB [20180517-10:45:49.597] thr=1   paramiko.transport: Cipher agreed: aes128-ctr
DEB [20180517-10:45:49.597] thr=1   paramiko.transport: MAC agreed: hmac-sha2-256
DEB [20180517-10:45:49.597] thr=1   paramiko.transport: Compression agreed: none
DEB [20180517-10:45:49.600] thr=1   paramiko.transport: kex engine KexNistp256 specified hash_algo <built-in function openssl_sha256>
DEB [20180517-10:45:49.601] thr=1   paramiko.transport: Switch to new keys ...
DEB [20180517-10:45:49.605] thr=2   paramiko.transport: Trying discovered key b'322a92f1bb6ab5453cdd2bfadf92b289' in C:\Users\ÖÓÇíÂ×/.ssh/id_rsa
DEB [20180517-10:45:49.640] thr=1   paramiko.transport: userauth is OK
INF [20180517-10:45:49.657] thr=1   paramiko.transport: Authentication (publickey) successful!
DEB [20180517-10:45:49.657] thr=2   paramiko.transport: [chan 0] Max packet in: 32768 bytes
DEB [20180517-10:45:49.835] thr=1   paramiko.transport: Received global request "hostkeys-00@openssh.com"
DEB [20180517-10:45:49.835] thr=1   paramiko.transport: Rejecting "hostkeys-00@openssh.com" global request from server.
DEB [20180517-10:45:49.875] thr=1   paramiko.transport: [chan 0] Max packet out: 32768 bytes
DEB [20180517-10:45:49.876] thr=1   paramiko.transport: Secsh channel 0 opened.
DEB [20180517-10:45:49.881] thr=1   paramiko.transport: [chan 0] Sesch channel 0 request ok
INF [20180517-10:45:49.899] thr=2   paramiko.transport.sftp: [chan 0] Opened sftp connection (server version 3)
DEB [20180517-10:45:49.899] thr=2   paramiko.transport: [chan 1] Max packet in: 32768 bytes
DEB [20180517-10:45:49.900] thr=1   paramiko.transport: [chan 1] Max packet out: 32768 bytes
DEB [20180517-10:45:49.900] thr=1   paramiko.transport: Secsh channel 1 opened.
DEB [20180517-10:45:49.901] thr=1   paramiko.transport: [chan 1] Sesch channel 1 request ok
DEB [20180517-10:45:49.915] thr=1   paramiko.transport: [chan 1] EOF received (1)
DEB [20180517-10:45:49.915] thr=1   paramiko.transport: EOF in transport thread
